SF:/home/sylvain/Proyectos/sharpeners-hg_main/sharpeners/DictionariesDataReader.cs
DA:22,0
DA:23,0
DA:24,0
DA:25,0
DA:26,0
DA:28,0
DA:29,0
DA:32,1
DA:33,1
DA:34,3
DA:36,1
DA:38,1
DA:39,4
DA:40,2
DA:41,16
DA:42,20
DA:43,2
DA:44,0
DA:47,0
DA:48,0
DA:51,0
DA:52,0
DA:55,0
DA:57,0
DA:59,0
DA:61,2
DA:63,0
DA:66,0
DA:67,0
DA:68,0
DA:69,0
DA:73,0
DA:74,0
DA:75,0
DA:76,0
DA:77,0
DA:78,0
DA:79,0
DA:80,0
DA:81,0
DA:84,0
DA:85,0
DA:86,0
DA:89,0
DA:90,0
DA:91,0
DA:94,0
DA:95,0
DA:96,0
DA:99,0
DA:100,0
DA:104,0
DA:105,0
DA:106,0
DA:109,0
DA:110,0
DA:114,0
DA:115,0
DA:119,0
DA:120,0
DA:121,0
DA:124,0
DA:125,0
DA:126,0
DA:129,0
DA:130,0
DA:131,0
DA:134,0
DA:135,0
DA:136,0
DA:139,0
DA:140,0
DA:141,0
DA:142,0
DA:145,0
DA:146,0
DA:147,0
DA:150,0
DA:151,0
DA:152,0
DA:155,0
DA:156,0
DA:157,0
DA:160,0
DA:161,0
DA:162,0
DA:165,0
DA:166,0
DA:167,0
DA:170,3
DA:171,3
DA:172,3
DA:173,0
DA:176,0
DA:177,0
DA:178,0
DA:181,0
DA:182,0
DA:183,0
DA:184,0
DA:186,0
DA:187,0
DA:189,0
DA:190,0
DA:193,0
DA:194,0
DA:195,0
DA:196,0
DA:197,0
DA:198,0
DA:200,0
DA:201,0
DA:202,0
DA:205,0
DA:206,0
DA:208,0
DA:211,0
DA:212,0
DA:213,0
DA:215,0
DA:216,0
DA:217,0
DA:218,0
DA:219,0
DA:220,0
DA:221,0
DA:222,0
DA:223,0
DA:224,0
DA:225,0
DA:226,0
DA:227,0
DA:228,0
DA:229,0
DA:230,0
DA:231,0
DA:232,0
DA:233,0
DA:234,0
DA:235,0
DA:236,0
DA:237,0
DA:239,0
DA:240,0
DA:241,0
DA:242,0
DA:243,0
DA:244,0
DA:245,0
DA:246,0
DA:247,0
DA:248,0
DA:249,0
DA:250,0
DA:251,0
DA:252,0
DA:253,0
DA:254,0
DA:255,0
DA:256,0
DA:257,0
DA:258,0
DA:259,0
DA:260,0
DA:261,0
DA:262,0
DA:264,0
DA:266,0
DA:267,0
DA:268,0
DA:271,0
DA:272,0
DA:273,0
DA:276,3
DA:277,3
DA:278,3
DA:280,3
DA:281,0
DA:282,0
DA:283,0
DA:284,0
DA:287,0
DA:288,0
DA:289,0
DA:290,0
DA:291,0
DA:292,0
DA:293,0
DA:296,0
DA:297,0
DA:298,0
DA:301,11
DA:302,11
DA:303,1
DA:304,1
DA:305,0
DA:306,0
DA:308,0
DA:309,1
DA:311,2
DA:312,2
DA:313,0
DA:314,0
DA:317,0
DA:318,1
DA:319,1
DA:320,1
DA:321,1
DA:322,0
DA:324,0
DA:326,1
DA:327,2
DA:329,2
DA:330,2
DA:331,2
DA:332,2
DA:333,2
DA:334,2
DA:336,2
DA:338,0
DA:340,5
DA:342,5
DA:343,2
DA:344,2
DA:345,2
DA:346,1
DA:347,1
DA:349,0
DA:351,1
DA:352,4
DA:353,4
DA:354,4
DA:355,3
DA:356,3
DA:357,3
DA:359,3
DA:360,4
DA:362,4
DA:363,0
DA:366,5
DA:367,5
DA:368,5
DA:369,5
DA:371,5
DA:372,0
end_of_record
SF:/home/sylvain/Proyectos/sharpeners-hg_main/sharpeners/NonContiguousMemoryStream.cs
DA:35,4
DA:36,2
DA:38,4
DA:39,2
DA:40,0
DA:43,0
DA:44,2
DA:45,2
DA:46,2
DA:49,0
DA:50,0
DA:52,0
DA:53,0
DA:55,0
DA:56,0
DA:57,0
DA:58,0
DA:61,0
DA:62,0
DA:65,0
DA:66,0
DA:68,0
DA:69,0
DA:70,0
DA:71,0
DA:72,0
DA:73,0
DA:74,0
DA:75,0
DA:76,0
DA:78,0
DA:79,0
DA:80,0
DA:81,0
DA:82,0
DA:85,0
DA:89,0
DA:93,2007
DA:96,1003
DA:97,1002
DA:98,0
DA:100,0
DA:103,0
DA:104,0
DA:105,0
DA:106,0
DA:107,0
DA:110,0
DA:112,0
DA:113,0
DA:114,0
DA:116,0
DA:117,0
DA:118,0
DA:121,0
DA:123,0
DA:124,0
DA:125,0
DA:126,0
DA:127,0
DA:129,0
DA:130,0
DA:132,0
DA:133,0
DA:135,0
DA:137,0
DA:138,0
DA:140,0
DA:142,0
DA:143,0
DA:145,0
DA:147,0
DA:149,0
DA:151,0
DA:152,0
DA:153,0
DA:155,0
DA:156,0
DA:157,0
DA:158,0
DA:159,0
DA:160,0
DA:161,0
DA:162,0
DA:164,0
DA:165,0
DA:166,0
DA:167,0
DA:174,0
DA:175,0
DA:176,0
DA:178,0
DA:179,0
DA:180,0
DA:181,0
DA:182,0
DA:184,0
DA:185,0
DA:189,960
DA:190,964
DA:191,0
DA:193,0
DA:194,0
DA:198,0
DA:199,0
DA:200,0
DA:202,0
DA:203,0
DA:204,2
DA:205,2
DA:206,0
DA:208,0
DA:209,0
DA:212,0
DA:213,0
DA:214,0
DA:215,2
DA:218,10
DA:219,10
DA:220,0
DA:221,0
DA:222,0
DA:223,0
DA:224,0
DA:225,0
DA:226,0
DA:228,0
DA:229,0
DA:232,0
DA:233,17
DA:234,8
DA:235,8
DA:237,8
DA:238,0
DA:241,0
DA:243,10
DA:245,10
DA:246,0
DA:249,0
DA:250,0
DA:251,0
DA:252,0
DA:253,0
DA:254,0
DA:255,0
DA:256,0
DA:257,0
DA:259,0
DA:260,0
DA:263,0
DA:264,0
DA:267,0
DA:268,0
DA:269,0
DA:271,0
DA:273,0
DA:274,0
DA:275,0
DA:277,0
DA:278,0
DA:279,0
DA:281,0
DA:283,950
DA:284,942
DA:285,0
DA:288,0
DA:290,0
DA:291,0
DA:294,0
DA:299,0
DA:300,0
DA:302,0
DA:303,0
DA:305,0
DA:306,0
DA:308,0
DA:309,0
DA:311,0
DA:312,0
DA:314,0
DA:315,0
DA:322,0
DA:323,0
DA:326,0
DA:327,0
DA:333,0
DA:334,0
DA:337,0
DA:338,0
DA:339,0
DA:341,0
DA:344,0
DA:345,0
DA:347,0
DA:348,0
DA:350,0
DA:353,0
DA:354,0
DA:355,0
DA:358,0
DA:359,0
DA:360,0
DA:361,0
DA:362,0
DA:363,0
DA:364,0
DA:365,0
DA:366,0
DA:368,0
DA:369,0
DA:370,0
DA:371,0
DA:372,0
DA:373,0
DA:375,0
DA:376,0
DA:377,0
DA:378,0
DA:379,0
DA:380,0
DA:383,0
DA:386,0
DA:387,0
DA:399,0
DA:400,0
DA:401,0
DA:403,0
DA:405,0
DA:406,0
DA:408,0
DA:410,1
DA:411,1
DA:412,0
DA:414,3
DA:415,3
DA:416,0
DA:417,0
DA:418,0
DA:419,0
DA:420,0
DA:421,0
DA:422,0
DA:424,0
DA:426,5
DA:428,5
DA:429,0
DA:432,0
DA:434,4
DA:436,5
DA:439,0
DA:441,0
DA:442,0
DA:445,0
DA:446,0
DA:447,0
DA:449,0
DA:450,0
DA:451,0
DA:453,0
DA:454,0
DA:455,0
DA:457,0
DA:459,1000
DA:460,1000
DA:461,0
DA:463,0
DA:465,1000
DA:466,1000
DA:467,1000
DA:470,0
DA:471,0
DA:472,0
DA:475,0
DA:476,0
DA:478,0
DA:479,0
end_of_record
SF:/home/sylvain/Proyectos/sharpeners-hg_main/sharpeners/StructArrayBuilder.cs
DA:105,4
DA:106,2
DA:111,8
DA:112,4
DA:117,0
DA:118,0
DA:123,8
DA:124,4
DA:76,59
DA:130,8
DA:131,4
DA:132,0
DA:134,0
DA:135,0
DA:137,0
DA:138,0
DA:141,4
DA:142,4
DA:143,4
DA:144,4
DA:145,0
DA:148,0
DA:150,4
DA:151,6
DA:152,2
DA:153,2
DA:155,2
DA:156,0
DA:158,0
DA:159,4
DA:161,4
DA:162,4
DA:166,0
DA:167,0
DA:168,0
DA:170,0
DA:171,0
DA:173,0
DA:174,0
DA:177,0
DA:178,0
DA:179,0
DA:181,0
DA:182,0
DA:183,0
DA:186,104
DA:187,0
DA:188,0
DA:189,0
DA:191,0
DA:192,0
DA:194,0
DA:195,0
DA:198,0
DA:199,0
DA:200,0
DA:201,0
DA:202,0
DA:203,0
DA:204,0
DA:209,0
DA:215,0
DA:216,0
DA:217,0
DA:220,0
DA:221,0
DA:222,0
DA:223,0
DA:226,0
DA:227,0
DA:228,0
DA:229,0
DA:230,0
DA:231,0
DA:232,0
DA:234,0
DA:235,0
DA:236,0
DA:237,0
DA:238,0
DA:239,0
DA:242,1
DA:244,1
DA:245,0
DA:247,0
DA:248,1
DA:250,1
DA:251,5
DA:252,5
DA:253,6
DA:254,6
DA:255,6
DA:258,6
DA:259,4
DA:261,5
DA:262,6
DA:264,0
DA:265,0
DA:267,0
DA:268,6
DA:269,12
DA:271,1
DA:272,0
DA:276,10
DA:277,10
DA:278,10
DA:279,0
DA:280,0
DA:282,0
DA:283,0
DA:284,0
DA:286,0
DA:287,0
DA:288,0
DA:290,0
DA:291,0
DA:292,0
DA:295,0
DA:296,10
DA:298,10
DA:299,10
DA:300,15
DA:301,0
DA:302,15
DA:303,15
DA:304,15
DA:305,15
DA:306,1
DA:308,1
DA:309,15
DA:310,15
DA:311,15
DA:312,5
DA:313,5
DA:314,5
DA:315,5
DA:316,5
DA:318,15
DA:319,11
DA:321,11
DA:324,11
DA:325,11
DA:327,11
DA:329,11
DA:331,0
DA:332,0
DA:334,0
DA:335,11
DA:336,15
DA:337,15
DA:338,10
DA:339,0
DA:342,0
DA:343,0
DA:344,0
DA:345,0
DA:351,8210
DA:352,8220
DA:353,0
DA:354,0
DA:356,0
DA:357,0
DA:360,0
DA:361,0
DA:363,0
DA:365,0
DA:366,0
DA:367,0
DA:368,0
DA:369,0
DA:372,0
DA:374,0
DA:375,0
DA:377,0
DA:378,0
DA:381,0
DA:382,0
DA:383,0
DA:384,0
DA:387,0
DA:388,0
DA:390,0
DA:392,0
DA:393,0
DA:394,0
DA:395,0
DA:396,0
DA:397,0
DA:398,0
DA:405,7934
DA:406,7931
DA:408,0
DA:409,7951
DA:410,7950
DA:411,7953
DA:412,7956
DA:413,0
DA:414,0
DA:416,0
DA:417,0
DA:418,0
DA:419,0
DA:420,0
DA:421,0
DA:422,0
DA:424,0
DA:425,0
DA:426,0
DA:427,0
DA:428,0
DA:429,0
DA:430,0
DA:431,0
DA:433,0
DA:434,0
DA:435,0
DA:436,0
DA:437,0
DA:442,1000
DA:443,1000
DA:444,0
DA:446,1000
DA:447,1000
DA:448,0
DA:451,0
DA:452,0
DA:454,0
DA:455,1006
DA:456,0
DA:457,1006
DA:458,1000
DA:459,1000
DA:460,1000
DA:461,999
DA:463,0
DA:464,6
DA:465,6
DA:466,6
DA:467,6
DA:468,6
DA:469,1000
DA:470,1000
DA:471,0
DA:474,41
DA:475,43
DA:476,0
DA:478,0
DA:479,0
DA:482,0
DA:483,0
DA:484,0
DA:486,0
DA:488,0
DA:489,0
DA:492,0
DA:493,0
DA:496,0
DA:497,45
DA:498,0
DA:499,0
DA:500,0
DA:501,0
DA:502,0
DA:503,45
DA:504,47
DA:505,2
DA:506,3
DA:507,2
DA:509,2
DA:510,45
DA:512,42
DA:513,53
DA:514,44
DA:516,48
DA:517,0
DA:522,36
DA:523,79
DA:526,40
DA:527,45
DA:528,47
DA:529,46
DA:530,45
DA:531,0
DA:532,0
DA:533,0
DA:534,0
DA:535,0
DA:536,0
DA:537,0
DA:538,0
DA:540,0
DA:541,0
DA:542,0
DA:543,0
DA:544,0
DA:546,0
DA:547,45
DA:548,45
DA:549,0
DA:551,0
DA:552,0
DA:553,0
DA:556,0
DA:557,0
DA:560,0
DA:561,0
DA:564,0
DA:565,0
DA:568,0
DA:569,0
DA:572,0
DA:573,0
DA:577,0
DA:578,0
DA:579,0
DA:580,0
DA:581,0
DA:582,0
DA:583,0
DA:584,0
DA:585,0
DA:586,0
DA:588,0
DA:589,0
DA:590,0
DA:591,0
DA:592,0
DA:593,0
DA:594,0
DA:595,0
DA:596,0
DA:600,0
DA:601,0
DA:602,0
DA:603,0
DA:604,0
DA:610,0
DA:611,0
DA:612,0
DA:615,0
DA:616,0
DA:617,0
DA:621,0
DA:622,0
DA:627,0
DA:628,0
DA:629,0
DA:634,0
DA:635,0
DA:636,0
DA:637,0
DA:638,0
DA:639,0
DA:640,0
DA:641,0
DA:647,8
DA:648,8
DA:649,0
DA:652,0
DA:653,0
DA:656,0
DA:657,0
DA:660,0
DA:662,0
DA:663,0
DA:666,0
DA:667,8
DA:670,8
DA:671,8
DA:672,8
DA:673,0
DA:685,0
DA:686,0
DA:687,0
DA:690,0
DA:691,0
DA:692,0
DA:693,0
DA:700,0
DA:702,0
DA:703,0
DA:704,0
DA:708,0
DA:709,0
DA:710,0
DA:711,0
DA:713,0
DA:717,0
DA:718,0
DA:721,0
DA:722,0
DA:725,0
DA:726,0
DA:729,0
DA:730,0
DA:731,0
DA:732,0
DA:733,0
DA:734,0
DA:737,0
DA:738,0
DA:739,0
DA:740,0
DA:741,0
DA:742,0
DA:743,0
DA:745,0
DA:746,0
DA:747,0
DA:748,0
DA:750,0
DA:752,0
DA:753,0
DA:755,0
DA:756,0
DA:757,0
DA:758,0
DA:759,0
DA:760,0
DA:761,0
DA:764,0
DA:765,0
DA:766,0
DA:767,0
DA:768,0
DA:769,0
DA:770,0
DA:772,0
DA:773,0
DA:774,0
DA:775,0
DA:776,0
DA:777,0
DA:778,0
DA:779,0
DA:782,0
DA:783,0
DA:784,0
DA:785,0
DA:788,0
DA:789,0
DA:791,0
DA:792,0
DA:793,0
DA:795,0
DA:796,0
DA:797,0
DA:800,0
DA:801,0
DA:803,0
DA:805,0
DA:806,0
DA:809,0
DA:810,0
DA:811,0
DA:812,0
DA:814,0
DA:815,0
DA:819,0
DA:820,0
DA:821,0
DA:822,0
DA:823,0
DA:824,0
DA:825,0
DA:826,0
DA:827,0
DA:828,0
DA:829,0
DA:830,0
DA:832,0
DA:833,0
DA:834,0
DA:835,0
DA:837,0
DA:838,0
DA:840,0
DA:841,0
DA:844,0
DA:846,0
DA:847,0
DA:849,0
DA:850,0
DA:851,0
DA:852,0
DA:853,0
DA:854,0
DA:861,0
DA:862,0
DA:863,0
DA:864,0
DA:866,0
DA:867,0
DA:868,0
DA:871,0
DA:872,0
DA:875,0
DA:876,0
DA:878,0
DA:879,0
DA:880,0
DA:881,0
DA:882,0
DA:883,0
DA:884,0
DA:885,0
DA:886,0
DA:887,0
DA:888,0
DA:889,0
DA:890,0
DA:891,0
DA:892,0
DA:893,0
DA:894,0
DA:895,0
DA:896,0
DA:897,0
DA:900,0
DA:901,0
DA:902,0
DA:905,0
DA:907,0
DA:908,0
DA:911,0
DA:912,0
DA:914,0
DA:916,0
DA:918,0
DA:919,0
DA:920,0
DA:921,0
DA:922,0
DA:924,0
DA:925,0
DA:926,0
DA:928,0
DA:929,0
DA:930,0
DA:931,0
DA:933,0
DA:934,0
DA:935,0
DA:936,0
DA:939,0
DA:940,0
DA:941,0
DA:948,0
DA:949,0
DA:950,0
DA:951,0
DA:952,0
DA:953,0
DA:954,0
DA:955,0
DA:956,0
DA:957,0
DA:958,0
DA:959,0
DA:962,0
DA:963,0
DA:965,0
DA:966,0
DA:967,0
DA:968,0
DA:969,0
DA:978,0
DA:979,0
DA:980,0
DA:981,0
DA:983,0
DA:984,0
DA:986,0
DA:987,0
DA:990,0
DA:991,0
DA:992,0
DA:993,0
DA:994,0
DA:995,0
DA:996,0
DA:997,0
DA:998,0
DA:999,0
DA:1000,0
DA:1001,0
DA:1002,0
DA:1012,7945
DA:1036,7952
DA:1038,59983
DA:1041,59981
DA:1042,59981
DA:1043,59981
DA:1044,0
DA:1045,0
DA:1047,0
DA:1048,0
DA:1049,0
DA:1051,0
DA:1052,0
DA:1053,0
DA:1054,0
DA:1055,0
DA:1056,0
DA:1057,0
DA:1058,0
DA:1061,0
DA:1062,0
DA:1063,0
DA:1066,0
DA:1067,0
DA:1068,0
DA:1069,0
DA:1070,59978
DA:1071,59979
DA:1072,59982
DA:1073,7957
DA:1074,0
DA:1083,0
DA:1084,0
DA:1085,0
DA:1086,0
DA:1087,0
DA:1095,49
DA:1096,50
DA:1097,0
DA:1100,0
DA:1101,0
DA:1108,0
DA:1111,57
DA:1112,55
DA:1113,55
DA:1114,54
DA:1117,55
DA:1118,65
DA:1119,10
DA:1120,8
DA:1123,9
DA:1124,0
DA:1125,0
DA:1126,0
DA:1128,0
DA:1130,56
DA:1137,57
DA:1138,59
DA:1139,59
DA:1140,58
DA:1141,57
DA:1142,57
DA:1143,58
DA:1145,58
DA:1146,56
DA:1148,54
DA:1150,8
DA:1152,9
DA:1154,14
DA:1156,5
DA:1158,5
DA:1159,4
DA:1160,4
DA:1161,4
DA:1162,4
DA:1163,8
DA:1164,14
DA:1165,5
DA:1166,7
DA:1167,2
DA:1168,4
DA:1169,2
DA:1170,2
DA:1171,0
DA:1172,0
DA:1173,0
DA:1174,0
DA:1175,0
DA:1176,0
DA:1178,0
DA:1179,0
DA:1180,0
DA:1181,2
DA:1182,18
DA:1183,5
DA:1184,5
DA:1185,0
DA:1201,0
DA:1202,0
DA:1203,0
DA:1204,0
DA:1205,0
DA:1207,0
DA:1208,0
DA:1210,0
DA:1211,0
DA:1212,0
DA:1213,0
DA:1214,0
DA:1215,0
DA:1220,0
DA:1221,0
DA:1222,0
DA:1223,0
DA:1224,0
DA:1225,0
DA:1226,0
DA:1227,0
DA:1228,0
DA:1232,0
DA:1233,0
DA:1236,0
DA:1237,0
DA:1238,0
DA:1239,0
DA:1241,0
DA:1242,0
DA:1243,0
DA:1244,0
DA:1245,0
DA:1246,0
DA:1247,0
DA:1249,0
DA:1250,0
DA:1251,0
DA:1252,0
DA:1253,0
DA:1254,0
DA:1255,0
DA:1258,0
DA:1259,0
DA:1260,0
DA:1261,0
DA:1262,0
DA:1267,0
DA:1268,0
DA:1269,0
DA:1270,0
DA:1272,0
DA:1273,0
DA:1274,0
DA:1275,0
DA:1276,0
DA:1277,0
DA:1278,0
DA:1285,8
DA:1286,8
DA:1287,8
DA:1288,8
DA:1289,0
DA:1292,0
DA:1295,8
DA:1296,8
DA:1298,0
DA:1299,173
DA:1300,17
DA:1301,17
DA:1302,8
DA:1303,8
DA:1304,8
DA:1305,8
DA:1306,8
DA:1307,8
DA:1308,8
DA:1309,8
DA:1311,0
DA:1313,0
DA:1314,156
DA:1315,156
DA:1316,156
DA:1317,165
DA:1319,0
DA:1320,8
DA:1321,8
DA:1322,8
DA:1323,8
DA:1325,8
DA:1328,8
DA:1329,8
DA:1332,8
DA:1333,7
DA:1334,7
DA:1335,7
DA:1336,7
DA:1337,7
DA:1338,8
DA:1344,8
DA:1345,8
DA:1347,8
DA:1350,8
DA:1351,8
DA:1352,0
end_of_record